AppCode/build/intermediates/manifest_merge_blame_file/debug/manifest-merger-blame-debug-report.txt
1<?xml version="1.0" encoding="utf-8"?>
2<manifest xmlns:android="http://schemas.android.com/apk/res/android"
3    package="gov.cdc.epiinfo"
4    android:versionCode="154"
5    android:versionName="1.5.4" >
6
7    <uses-sdk
8        android:minSdkVersion="16"
8-->src\main\AndroidManifest.xml
9        android:targetSdkVersion="29" />
9-->src\main\AndroidManifest.xml
10
11    <permission
11-->src\main\AndroidManifest.xml:8:5-10:47
12        android:name="gov.cdc.epiinfo.permission.MAPS_RECEIVE"
12-->src\main\AndroidManifest.xml:9:9-63
13        android:protectionLevel="signature" />
13-->src\main\AndroidManifest.xml:10:9-44
14
15    <uses-permission android:name="gov.cdc.epiinfo.permission.MAPS_RECEIVE" />
15-->src\main\AndroidManifest.xml:12:5-79
15-->src\main\AndroidManifest.xml:12:22-76
16    <uses-permission android:name="android.permission.READ_EXTERNAL_STORAGE" />
16-->src\main\AndroidManifest.xml:13:5-80
16-->src\main\AndroidManifest.xml:13:22-77
17    <uses-permission android:name="android.permission.WRITE_EXTERNAL_STORAGE" />
17-->src\main\AndroidManifest.xml:14:5-81
17-->src\main\AndroidManifest.xml:14:22-78
18    <uses-permission android:name="android.permission.ACCESS_FINE_LOCATION" />
18-->src\main\AndroidManifest.xml:15:5-79
18-->src\main\AndroidManifest.xml:15:22-76
19    <uses-permission android:name="android.permission.CAMERA" />
19-->src\main\AndroidManifest.xml:16:5-65
19-->src\main\AndroidManifest.xml:16:22-62
20    <uses-permission android:name="android.permission.RECORD_AUDIO" />
20-->src\main\AndroidManifest.xml:17:5-71
20-->src\main\AndroidManifest.xml:17:22-68
21    <uses-permission android:name="com.google.android.providers.gsf.permission.READ_GSERVICES" />
21-->src\main\AndroidManifest.xml:18:5-98
21-->src\main\AndroidManifest.xml:18:22-95
22
23    <uses-feature
23-->src\main\AndroidManifest.xml:20:5-22:36
24        android:name="android.hardware.camera"
24-->src\main\AndroidManifest.xml:21:9-47
25        android:required="false" />
25-->src\main\AndroidManifest.xml:22:9-33
26    <uses-feature
26-->src\main\AndroidManifest.xml:23:5-25:35
27        android:glEsVersion="0x00020000"
27-->src\main\AndroidManifest.xml:24:9-41
28        android:required="true" />
28-->src\main\AndroidManifest.xml:25:9-32
29
30    <!-- Include required permissions for Google Maps API to run. -->
31    <uses-permission android:name="android.permission.ACCESS_NETWORK_STATE" />
31-->[com.google.android.gms:play-services-maps:17.0.0] AndroidManifest.xml:23:5-79
31-->[com.google.android.gms:play-services-maps:17.0.0] AndroidManifest.xml:23:22-76
32    <uses-permission android:name="android.permission.INTERNET" />
32-->[com.google.android.gms:play-services-maps:17.0.0] AndroidManifest.xml:24:5-67
32-->[com.google.android.gms:play-services-maps:17.0.0] AndroidManifest.xml:24:22-64
33
34    <application
34-->src\main\AndroidManifest.xml:27:5-205:19
35        android:name="androidx.multidex.MultiDexApplication"
36        android:allowBackup="false"
36-->src\main\AndroidManifest.xml:29:9-36
37        android:appComponentFactory="androidx.core.app.CoreComponentFactory"
37-->[androidx.core:core:1.3.1] AndroidManifest.xml:24:18-86
38        android:debuggable="true"
39        android:icon="@mipmap/ic_launcher"
39-->src\main\AndroidManifest.xml:30:9-43
40        android:label="Epi Info"
40-->src\main\AndroidManifest.xml:31:9-33
41        android:requestLegacyExternalStorage="true"
41-->src\main\AndroidManifest.xml:28:9-52
42        android:testOnly="true" >
43        <activity
43-->src\main\AndroidManifest.xml:33:9-34:56
44            android:name="gov.cdc.epiinfo.cloud.LoginActivity"
44-->src\main\AndroidManifest.xml:33:19-54
45            android:theme="@style/AppTheme" />
45-->src\main\AndroidManifest.xml:34:13-44
46
47        <meta-data
47-->src\main\AndroidManifest.xml:36:9-38:69
48            android:name="com.google.android.gms.version"
48-->src\main\AndroidManifest.xml:37:13-58
49            android:value="@integer/google_play_services_version" />
49-->src\main\AndroidManifest.xml:38:13-66
50        <meta-data
50-->src\main\AndroidManifest.xml:39:9-41:71
51            android:name="com.google.android.maps.v2.API_KEY"
51-->src\main\AndroidManifest.xml:40:13-62
52            android:value="AIzaSyBYTNtKltIfDuVh9_VEHmvYvA8t3IIMHBc" />
52-->src\main\AndroidManifest.xml:41:13-68
53
54        <activity
54-->src\main\AndroidManifest.xml:43:9-52:20
55            android:name="gov.cdc.epiinfo.MainActivity"
55-->src\main\AndroidManifest.xml:44:13-41
56            android:label="@string/app_name"
56-->src\main\AndroidManifest.xml:45:13-45
57            android:theme="@style/AppTheme" >
57-->src\main\AndroidManifest.xml:46:13-44
58            <intent-filter>
58-->src\main\AndroidManifest.xml:47:13-51:29
59                <action android:name="android.intent.action.MAIN" />
59-->src\main\AndroidManifest.xml:48:17-69
59-->src\main\AndroidManifest.xml:48:25-66
60
61                <category android:name="android.intent.category.LAUNCHER" />
61-->src\main\AndroidManifest.xml:50:17-77
61-->src\main\AndroidManifest.xml:50:27-74
62            </intent-filter>
63        </activity>
64        <activity
64-->src\main\AndroidManifest.xml:53:9-56:39
65            android:name="com.box.androidsdk.content.auth.OAuthActivity"
65-->src\main\AndroidManifest.xml:54:13-73
66            android:configChanges="orientation|screenSize"
66-->src\main\AndroidManifest.xml:55:13-59
67            android:exported="true" />
67-->src\main\AndroidManifest.xml:56:13-36
68        <!--
69<activity
70            android:name="gov.cdc.epiinfo.Launcher"
71            android:label="@string/app_name"
72            android:noHistory="true">
73            <intent-filter  tools:ignore="AppLinkUrlError">
74                <action android:name="android.intent.action.VIEW" />
75
76                <category android:name="android.intent.category.DEFAULT" />
77
78                <data android:mimeType="text/xml" />
79                <data android:mimeType="application/xhtml+xml" />
80            </intent-filter>
81        </activity>
82        -->
83        <activity
83-->src\main\AndroidManifest.xml:72:9-88:20
84            android:name="gov.cdc.epiinfo.LauncherXML"
84-->src\main\AndroidManifest.xml:73:13-40
85            android:label="@string/app_name"
85-->src\main\AndroidManifest.xml:74:13-45
86            android:noHistory="true" >
86-->src\main\AndroidManifest.xml:75:13-37
87            <intent-filter>
87-->src\main\AndroidManifest.xml:76:13-87:29
88                <action android:name="android.intent.action.VIEW" />
88-->src\main\AndroidManifest.xml:77:17-69
88-->src\main\AndroidManifest.xml:77:25-66
89
90                <category android:name="android.intent.category.DEFAULT" />
90-->src\main\AndroidManifest.xml:79:17-76
90-->src\main\AndroidManifest.xml:79:27-73
91
92                <data android:mimeType="text/xml" />
92-->src\main\AndroidManifest.xml:81:17-53
92-->src\main\AndroidManifest.xml:81:23-50
93                <data
93-->src\main\AndroidManifest.xml:81:17-53
94                    android:host="*"
94-->src\main\AndroidManifest.xml:83:21-37
95                    android:mimeType="application/xml"
95-->src\main\AndroidManifest.xml:81:23-50
96                    android:pathPattern=".*\\.xml" />
96-->src\main\AndroidManifest.xml:85:21-51
97                <data android:mimeType="application/xhtml+xml" />
97-->src\main\AndroidManifest.xml:81:17-53
97-->src\main\AndroidManifest.xml:81:23-50
98            </intent-filter>
99        </activity>
100        <activity
100-->src\main\AndroidManifest.xml:89:9-103:20
101            android:name="gov.cdc.epiinfo.LauncherPRE"
101-->src\main\AndroidManifest.xml:90:13-40
102            android:label="@string/app_name"
102-->src\main\AndroidManifest.xml:91:13-45
103            android:noHistory="true" >
103-->src\main\AndroidManifest.xml:92:13-37
104            <intent-filter>
104-->src\main\AndroidManifest.xml:93:13-102:29
105                <action android:name="android.intent.action.VIEW" />
105-->src\main\AndroidManifest.xml:77:17-69
105-->src\main\AndroidManifest.xml:77:25-66
106
107                <category android:name="android.intent.category.DEFAULT" />
107-->src\main\AndroidManifest.xml:79:17-76
107-->src\main\AndroidManifest.xml:79:27-73
108
109                <data
109-->src\main\AndroidManifest.xml:81:17-53
110                    android:host="*"
110-->src\main\AndroidManifest.xml:83:21-37
111                    android:mimeType="application/octet-stream"
111-->src\main\AndroidManifest.xml:81:23-50
112                    android:pathPattern=".*\\.pre" />
112-->src\main\AndroidManifest.xml:85:21-51
113            </intent-filter>
114        </activity>
115        <activity
115-->src\main\AndroidManifest.xml:104:9-118:20
116            android:name="gov.cdc.epiinfo.LauncherLink"
116-->src\main\AndroidManifest.xml:105:13-41
117            android:label="@string/app_name"
117-->src\main\AndroidManifest.xml:106:13-45
118            android:noHistory="true" >
118-->src\main\AndroidManifest.xml:107:13-37
119            <intent-filter android:label="@string/app_name" >
119-->src\main\AndroidManifest.xml:108:13-117:29
119-->src\main\AndroidManifest.xml:108:28-60
120                <action android:name="android.intent.action.VIEW" />
120-->src\main\AndroidManifest.xml:77:17-69
120-->src\main\AndroidManifest.xml:77:25-66
121
122                <category android:name="android.intent.category.DEFAULT" />
122-->src\main\AndroidManifest.xml:79:17-76
122-->src\main\AndroidManifest.xml:79:27-73
123                <category android:name="android.intent.category.BROWSABLE" />
123-->src\main\AndroidManifest.xml:112:17-78
123-->src\main\AndroidManifest.xml:112:27-75
124
125                <data
125-->src\main\AndroidManifest.xml:81:17-53
126                    android:host="info"
126-->src\main\AndroidManifest.xml:83:21-37
127                    android:scheme="epi" />
127-->src\main\AndroidManifest.xml:116:21-41
128            </intent-filter>
129        </activity>
130        <activity
130-->src\main\AndroidManifest.xml:119:9-122:47
131            android:name="gov.cdc.epiinfo.AppSettings"
131-->src\main\AndroidManifest.xml:120:13-40
132            android:label="@string/menu_settings"
132-->src\main\AndroidManifest.xml:121:13-50
133            android:theme="@style/AppTheme" />
133-->src\main\AndroidManifest.xml:122:13-44
134        <activity
134-->src\main\AndroidManifest.xml:123:9-126:69
135            android:name="gov.cdc.epiinfo.SplashScreen"
135-->src\main\AndroidManifest.xml:124:13-41
136            android:label="@string/app_name"
136-->src\main\AndroidManifest.xml:125:13-45
137            android:theme="@android:style/Theme.Black.NoTitleBar" />
137-->src\main\AndroidManifest.xml:126:13-66
138        <activity
138-->src\main\AndroidManifest.xml:127:9-130:52
139            android:name="gov.cdc.epiinfo.Permissions"
139-->src\main\AndroidManifest.xml:128:13-40
140            android:label="@string/menu_settings"
140-->src\main\AndroidManifest.xml:129:13-50
141            android:theme="@style/AppThemeNoBar" />
141-->src\main\AndroidManifest.xml:130:13-49
142        <activity
142-->src\main\AndroidManifest.xml:131:9-136:57
143            android:name="gov.cdc.epiinfo.RecordList"
143-->src\main\AndroidManifest.xml:132:13-39
144            android:configChanges="orientation|screenSize|keyboardHidden"
144-->src\main\AndroidManifest.xml:133:13-74
145            android:label="Records"
145-->src\main\AndroidManifest.xml:134:13-36
146            android:theme="@style/AppTheme"
146-->src\main\AndroidManifest.xml:135:13-44
147            android:windowSoftInputMode="stateHidden" />
147-->src\main\AndroidManifest.xml:136:13-54
148        <activity
148-->src\main\AndroidManifest.xml:137:9-141:57
149            android:name="gov.cdc.epiinfo.RecordEditor"
149-->src\main\AndroidManifest.xml:138:13-41
150            android:label="@string/record_viewer"
150-->src\main\AndroidManifest.xml:139:13-50
151            android:theme="@style/AppTheme"
151-->src\main\AndroidManifest.xml:140:13-44
152            android:windowSoftInputMode="stateHidden" />
152-->src\main\AndroidManifest.xml:141:13-54
153        <activity
153-->src\main\AndroidManifest.xml:142:9-146:57
154            android:name="gov.cdc.epiinfo.Interviewer"
154-->src\main\AndroidManifest.xml:143:13-40
155            android:label="@string/interviewer"
155-->src\main\AndroidManifest.xml:144:13-48
156            android:theme="@style/AppTheme"
156-->src\main\AndroidManifest.xml:145:13-44
157            android:windowSoftInputMode="stateHidden" />
157-->src\main\AndroidManifest.xml:146:13-54
158        <activity
158-->src\main\AndroidManifest.xml:147:9-150:56
159            android:name="gov.cdc.epiinfo.statcalc.StatCalcMain"
159-->src\main\AndroidManifest.xml:148:13-50
160            android:label="StatCalc"
160-->src\main\AndroidManifest.xml:149:13-37
161            android:theme="@style/AppTheme" />
161-->src\main\AndroidManifest.xml:150:13-44
162        <activity
162-->src\main\AndroidManifest.xml:151:9-154:56
163            android:name="gov.cdc.epiinfo.analysis.AnalysisMain"
163-->src\main\AndroidManifest.xml:152:13-50
164            android:label="@string/analysis"
164-->src\main\AndroidManifest.xml:153:13-45
165            android:theme="@style/AppTheme" />
165-->src\main\AndroidManifest.xml:154:13-44
166        <activity
166-->src\main\AndroidManifest.xml:155:9-159:57
167            android:name="gov.cdc.epiinfo.statcalc.ChiSquareActivity"
167-->src\main\AndroidManifest.xml:156:13-55
168            android:label="StatCalc - Chi Square for Linear Trend"
168-->src\main\AndroidManifest.xml:157:13-67
169            android:theme="@style/AppTheme"
169-->src\main\AndroidManifest.xml:158:13-44
170            android:windowSoftInputMode="stateHidden" />
170-->src\main\AndroidManifest.xml:159:13-54
171        <activity
171-->src\main\AndroidManifest.xml:160:9-164:57
172            android:name="gov.cdc.epiinfo.statcalc.PoissonActivity"
172-->src\main\AndroidManifest.xml:161:13-53
173            android:label="@string/statcalc_poisson_desc"
173-->src\main\AndroidManifest.xml:162:13-58
174            android:theme="@style/AppTheme"
174-->src\main\AndroidManifest.xml:163:13-44
175            android:windowSoftInputMode="stateHidden" />
175-->src\main\AndroidManifest.xml:164:13-54
176        <activity
176-->src\main\AndroidManifest.xml:165:9-169:57
177            android:name="gov.cdc.epiinfo.statcalc.BinomialActivity"
177-->src\main\AndroidManifest.xml:166:13-54
178            android:label="@string/statcalc_binomial_desc"
178-->src\main\AndroidManifest.xml:167:13-59
179            android:theme="@style/AppTheme"
179-->src\main\AndroidManifest.xml:168:13-44
180            android:windowSoftInputMode="stateHidden" />
180-->src\main\AndroidManifest.xml:169:13-54
181        <activity
181-->src\main\AndroidManifest.xml:170:9-174:57
182            android:name="gov.cdc.epiinfo.statcalc.TwoByTwoActivity"
182-->src\main\AndroidManifest.xml:171:13-54
183            android:label="StatCalc - 2x2 Tables"
183-->src\main\AndroidManifest.xml:172:13-50
184            android:theme="@style/AppTheme"
184-->src\main\AndroidManifest.xml:173:13-44
185            android:windowSoftInputMode="stateHidden" />
185-->src\main\AndroidManifest.xml:174:13-54
186        <activity
186-->src\main\AndroidManifest.xml:175:9-179:57
187            android:name="gov.cdc.epiinfo.statcalc.MatchedPairActivity"
187-->src\main\AndroidManifest.xml:176:13-57
188            android:label="@string/statcalc_matched_desc"
188-->src\main\AndroidManifest.xml:177:13-58
189            android:theme="@style/AppTheme"
189-->src\main\AndroidManifest.xml:178:13-44
190            android:windowSoftInputMode="stateHidden" />
190-->src\main\AndroidManifest.xml:179:13-54
191        <activity
191-->src\main\AndroidManifest.xml:180:9-184:57
192            android:name="gov.cdc.epiinfo.statcalc.UnmatchedActivity"
192-->src\main\AndroidManifest.xml:181:13-55
193            android:label="StatCalc - Unmatched Case-Control"
193-->src\main\AndroidManifest.xml:182:13-62
194            android:theme="@style/AppTheme"
194-->src\main\AndroidManifest.xml:183:13-44
195            android:windowSoftInputMode="stateHidden" />
195-->src\main\AndroidManifest.xml:184:13-54
196        <activity
196-->src\main\AndroidManifest.xml:185:9-189:57
197            android:name="gov.cdc.epiinfo.statcalc.PopulationSurveyActivity"
197-->src\main\AndroidManifest.xml:186:13-62
198            android:label="StatCalc - Population Survey"
198-->src\main\AndroidManifest.xml:187:13-57
199            android:theme="@style/AppTheme"
199-->src\main\AndroidManifest.xml:188:13-44
200            android:windowSoftInputMode="stateHidden" />
200-->src\main\AndroidManifest.xml:189:13-54
201        <activity
201-->src\main\AndroidManifest.xml:190:9-194:57
202            android:name="gov.cdc.epiinfo.statcalc.CohortActivity"
202-->src\main\AndroidManifest.xml:191:13-52
203            android:label="StatCalc - Cohort"
203-->src\main\AndroidManifest.xml:192:13-46
204            android:theme="@style/AppTheme"
204-->src\main\AndroidManifest.xml:193:13-44
205            android:windowSoftInputMode="stateHidden" />
205-->src\main\AndroidManifest.xml:194:13-54
206
207        <provider
207-->src\main\AndroidManifest.xml:196:9-204:20
208            android:name="androidx.core.content.FileProvider"
208-->src\main\AndroidManifest.xml:197:13-62
209            android:authorities="@string/file_provider_authority"
209-->src\main\AndroidManifest.xml:198:13-66
210            android:exported="false"
210-->src\main\AndroidManifest.xml:199:13-37
211            android:grantUriPermissions="true" >
211-->src\main\AndroidManifest.xml:200:13-47
212            <meta-data
212-->src\main\AndroidManifest.xml:201:13-203:62
213                android:name="android.support.FILE_PROVIDER_PATHS"
213-->src\main\AndroidManifest.xml:202:17-67
214                android:resource="@xml/file_provider_path" />
214-->src\main\AndroidManifest.xml:203:17-59
215        </provider>
216        <!-- Needs to be explicitly declared on P+ -->
217        <uses-library
217-->[com.google.android.gms:play-services-maps:17.0.0] AndroidManifest.xml:33:9-35:40
218            android:name="org.apache.http.legacy"
218-->[com.google.android.gms:play-services-maps:17.0.0] AndroidManifest.xml:34:13-50
219            android:required="false" />
219-->[com.google.android.gms:play-services-maps:17.0.0] AndroidManifest.xml:35:13-37
220
221        <activity
221-->[com.google.android.gms:play-services-base:17.5.0] AndroidManifest.xml:23:9-26:75
222            android:name="com.google.android.gms.common.api.GoogleApiActivity"
222-->[com.google.android.gms:play-services-base:17.5.0] AndroidManifest.xml:24:13-79
223            android:exported="false"
223-->[com.google.android.gms:play-services-base:17.5.0] AndroidManifest.xml:25:13-37
224            android:theme="@android:style/Theme.Translucent.NoTitleBar" />
224-->[com.google.android.gms:play-services-base:17.5.0] AndroidManifest.xml:26:13-72
225        <activity
225-->[com.box:box-android-sdk:4.2.3] AndroidManifest.xml:19:9-21:51
226            android:name="com.box.androidsdk.content.auth.BlockedIPErrorActivity"
226-->[com.box:box-android-sdk:4.2.3] AndroidManifest.xml:20:13-82
227            android:launchMode="singleInstance" />
227-->[com.box:box-android-sdk:4.2.3] AndroidManifest.xml:21:13-48
228    </application>
229
230</manifest>